<?xml version="1.0" encoding="UTF-8"?>
<testsuite name="bookstore.BookShelfSpec" tests="1" skipped="0" failures="0" errors="0" timestamp="2020-07-14T06:18:16" hostname="Jakub-iMac.local" time="0.007">
  <properties/>
  <testcase name="shelfEmptyWhenNoBookAdded()" classname="bookstore.BookShelfSpec" time="0.007"/>
  <system-out><![CDATA[]]></system-out>
  <system-err><![CDATA[]]></system-err>
</testsuite>
